<?xml version="1.0" encoding="UTF-8"?>
<!-- Generated by org.testng.reporters.JUnitXMLReporter -->
<testsuite hostname="C02Z42EZLVDM" ignored="0" tests="6" failures="0" timestamp="26 Jun 2021 19:54:35 GMT" time="7.813" errors="0">
  <testcase name="addNewAvailablePet" time="1.27" classname="AddPetAndFindStatus"/>
  <testcase name="findStatusByAvailable" time="1.53" classname="AddPetAndFindStatus"/>
  <testcase name="addNewPendingPet" time="1.248" classname="AddPetAndFindStatus"/>
  <testcase name="findStatusByPending" time="1.237" classname="AddPetAndFindStatus"/>
  <testcase name="addNewSoldPet" time="1.138" classname="AddPetAndFindStatus"/>
  <testcase name="findStatusBySold" time="1.384" classname="AddPetAndFindStatus"/>
</testsuite>
