<?xml version="1.0" encoding="UTF-8"?>
<testsuite xmlns:xsi="http://www.w3.org/2001/XMLSchema-instance" xsi:noNamespaceSchemaLocation="https://maven.apache.org/surefire/maven-surefire-plugin/xsd/surefire-test-report-3.0.xsd" version="3.0" name="TestSuite" time="36.721" tests="12" errors="0" skipped="0" failures="1">
  <properties>
[...]
</properties>
  <testcase name="findStatus" classname="GetPetStatus" time="2.772">
    <system-out><![CDATA[Request method:	GET
Request URI:	https://petstore3.swagger.io/api/v3/pet/findByStatus?status=available
]]></system-out>
  </testcase>
  <testcase name="iterateAndPrintCategoryDetails" classname="GetPetStatus" time="0.53">
    <system-out><![CDATA[17:46:41.545 [main] INFO GetPetStatus - Find and Iterate through Lions Category in available status...
17:46:42.064 [main] INFO BaseClass - No. of Pets in the List : 95
17:46:42.064 [main] INFO BaseClass - 
 Pet 2 Details :- 
----- pet_id : '8307', category_id : 10, category_name : Lions, pet_name : Simbha, pet_photoUrls :[https://www.shutterstock.com/image-photo/single-lion-looking-regal-standing-proudly-555551179], array of tags :[Tag:{id:10, name:Lion-Regal}], status :available-----
17:46:42.065 [main] INFO BaseClass - 
 Pet 4 Details :- 
----- pet_id : '21340', category_id : 10, category_name : Lions, pet_name : Simbha, pet_photoUrls :[https://www.shutterstock.com/image-photo/single-lion-looking-regal-standing-proudly-555551179], array of tags :[Tag:{id:10, name:Lion-Regal}], status :available-----
17:46:42.065 [main] INFO BaseClass - 
 Pet 6 Details :- 
----- pet_id : '83169', category_id : 10, category_name : Lions, pet_name : Simbha, pet_photoUrls :[https://www.shutterstock.com/image-photo/single-lion-looking-regal-standing-proudly-555551179], array of tags :[Tag:{id:10, name:Regal}], status :available-----
17:46:42.065 [main] INFO BaseClass - 
 Pet 8 Details :- 
----- pet_id : '24612', category_id : 10, category_name : Lions, pet_name : Simbha, pet_photoUrls :[https://www.shutterstock.com/image-photo/single-lion-looking-regal-standing-proudly-555551179], array of tags :[Tag:{id:10, name:Regal}], status :available-----
17:46:42.066 [main] INFO BaseClass - 
 Pet 10 Details :- 
----- pet_id : '50235', category_id : 10, category_name : Lions, pet_name : Simbha, pet_photoUrls :[https://www.shutterstock.com/image-photo/single-lion-looking-regal-standing-proudly-555551179], array of tags :[Tag:{id:10, name:Regal}], status :available-----
17:46:42.066 [main] INFO BaseClass - 
 Pet 12 Details :- 
----- pet_id : '12442', category_id : 10, category_name : Lions, pet_name : Simbha, pet_photoUrls :[https://www.shutterstock.com/image-photo/single-lion-looking-regal-standing-proudly-555551179], array of tags :[Tag:{id:10, name:Regal}], status :available-----
17:46:42.066 [main] INFO BaseClass - 
 Pet 14 Details :- 
----- pet_id : '27291', category_id : 10, category_name : Lions, pet_name : Simbha, pet_photoUrls :[https://www.shutterstock.com/image-photo/single-lion-looking-regal-standing-proudly-555551179], array of tags :[Tag:{id:10, name:Regal}], status :available-----
17:46:42.066 [main] INFO BaseClass - 
 Pet 16 Details :- 
----- pet_id : '42331', category_id : 10, category_name : Lions, pet_name : Simbha, pet_photoUrls :[https://www.shutterstock.com/image-photo/single-lion-looking-regal-standing-proudly-555551179], array of tags :[Tag:{id:10, name:Regal}], status :available-----
17:46:42.066 [main] INFO BaseClass - 
 Pet 18 Details :- 
----- pet_id : '17352', category_id : 10, category_name : Lions, pet_name : Simbha, pet_photoUrls :[https://www.shutterstock.com/image-photo/single-lion-looking-regal-standing-proudly-555551179], array of tags :[Tag:{id:10, name:Regal}], status :available-----
17:46:42.066 [main] INFO BaseClass - 
 Pet 20 Details :- 
----- pet_id : '39754', category_id : 10, category_name : Lions, pet_name : Simbha, pet_photoUrls :[https://www.shutterstock.com/image-photo/single-lion-looking-regal-standing-proudly-555551179], array of tags :[Tag:{id:10, name:Regal}], status :available-----
17:46:42.066 [main] INFO BaseClass - 
 Pet 22 Details :- 
----- pet_id : '12351', category_id : 10, category_name : Lions, pet_name : Simbha, pet_photoUrls :[https://www.shutterstock.com/image-photo/single-lion-looking-regal-standing-proudly-555551179], array of tags :[Tag:{id:10, name:Regal}], status :available-----
17:46:42.067 [main] ERROR BaseClass - Caught Null pointer Exception as name is null for referred category
]]></system-out>
  </testcase>
  <testcase name="validateStatusCode" classname="GetPetStatus" time="0.016">
    <system-out><![CDATA[17:46:42.067 [main] INFO GetPetStatus - Validating the Response code...
]]></system-out>
  </testcase>
  <testcase name="validateTimeTaken" classname="GetPetStatus" time="0.03">
    <failure message="1 expectation failed.&#10;Expected response time was not a value less than &lt;200L&gt; milliseconds, was 2569 milliseconds (2569 milliseconds)." type="java.lang.AssertionError"><![CDATA[java.lang.AssertionError: 
1 expectation failed.
Expected response time was not a value less than <200L> milliseconds, was 2569 milliseconds (2569 milliseconds).
	at GetPetStatus.validateTimeTaken(GetPetStatus.java:59)
]]></failure>
    <system-out><![CDATA[17:46:42.091 [main] INFO GetPetStatus - Validating that time taken to findByStatus request should less than 200ms...
]]></system-out>
  </testcase>
  <testcase name="iterateAndPrintCategoryDetailsForAllStatus" classname="GetPetStatus" time="1.84">
    <system-out><![CDATA[17:46:42.121 [main] INFO GetPetStatus - Find and Iterate through Lions Category for All Status
Request method:	GET
Request URI:	https://petstore3.swagger.io/api/v3/pet/findByStatus?status=available&status=pending&status=sold
17:46:43.872 [main] ERROR GetPetStatus - API is not taking subsequent query params,only first status is considered
17:46:43.953 [main] INFO BaseClass - No. of Pets in the List : 64
17:46:43.953 [main] ERROR BaseClass - Caught Null pointer Exception as name is null for referred category
17:46:43.953 [main] INFO BaseClass - 
 Pet 2 Details :- 
----- pet_id : '30097', category_id : 10, category_name : Lions, pet_name : Simbha, pet_photoUrls :[https://www.shutterstock.com/image-photo/single-lion-looking-regal-standing-proudly-555551179], array of tags :[Tag:{id:10, name:Lion-Regal}], status :available-----
17:46:43.953 [main] INFO BaseClass - 
 Pet 4 Details :- 
----- pet_id : '63475', category_id : 10, category_name : Lions, pet_name : Simbha, pet_photoUrls :[https://www.shutterstock.com/image-photo/single-lion-looking-regal-standing-proudly-555551179], array of tags :[Tag:{id:10, name:Lion-Regal}], status :available-----
17:46:43.953 [main] ERROR BaseClass - Caught Null pointer Exception as name is null for referred category
17:46:43.954 [main] INFO BaseClass - 
 Pet 6 Details :- 
----- pet_id : '76988', category_id : 10, category_name : Lions, pet_name : Simbha, pet_photoUrls :[https://www.shutterstock.com/image-photo/single-lion-looking-regal-standing-proudly-555551179], array of tags :[Tag:{id:10, name:Regal}], status :available-----
17:46:43.954 [main] INFO BaseClass - 
 Pet 8 Details :- 
----- pet_id : '20517', category_id : 10, category_name : Lions, pet_name : Simbha, pet_photoUrls :[https://www.shutterstock.com/image-photo/single-lion-looking-regal-standing-proudly-555551179], array of tags :[Tag:{id:10, name:Regal}], status :available-----
17:46:43.954 [main] INFO BaseClass - 
 Pet 10 Details :- 
----- pet_id : '91072', category_id : 10, category_name : Lions, pet_name : Simbha, pet_photoUrls :[https://www.shutterstock.com/image-photo/single-lion-looking-regal-standing-proudly-555551179], array of tags :[Tag:{id:10, name:Regal}], status :available-----
17:46:43.954 [main] INFO BaseClass - 
 Pet 12 Details :- 
----- pet_id : '56240', category_id : 10, category_name : Lions, pet_name : Simbha, pet_photoUrls :[https://www.shutterstock.com/image-photo/single-lion-looking-regal-standing-proudly-555551179], array of tags :[Tag:{id:10, name:Regal}], status :available-----
17:46:43.954 [main] INFO BaseClass - 
 Pet 14 Details :- 
----- pet_id : '27338', category_id : 10, category_name : Lions, pet_name : Simbha, pet_photoUrls :[https://www.shutterstock.com/image-photo/single-lion-looking-regal-standing-proudly-555551179], array of tags :[Tag:{id:10, name:Regal}], status :available-----
17:46:43.954 [main] INFO BaseClass - 
 Pet 16 Details :- 
----- pet_id : '75229', category_id : 10, category_name : Lions, pet_name : Simbha, pet_photoUrls :[https://www.shutterstock.com/image-photo/single-lion-looking-regal-standing-proudly-555551179], array of tags :[Tag:{id:10, name:Regal}], status :available-----
17:46:43.954 [main] INFO BaseClass - 
 Pet 18 Details :- 
----- pet_id : '14165', category_id : 10, category_name : Lions, pet_name : Simbha, pet_photoUrls :[https://www.shutterstock.com/image-photo/single-lion-looking-regal-standing-proudly-555551179], array of tags :[Tag:{id:10, name:Regal}], status :available-----
17:46:43.954 [main] INFO BaseClass - 
 Pet 20 Details :- 
----- pet_id : '20754', category_id : 10, category_name : Lions, pet_name : Simbha, pet_photoUrls :[https://www.shutterstock.com/image-photo/single-lion-looking-regal-standing-proudly-555551179], array of tags :[Tag:{id:10, name:Regal}], status :available-----
17:46:43.954 [main] INFO BaseClass - 
 Pet 22 Details :- 
----- pet_id : '19808', category_id : 10, category_name : Lions, pet_name : Simbha, pet_photoUrls :[https://www.shutterstock.com/image-photo/single-lion-looking-regal-standing-proudly-555551179], array of tags :[Tag:{id:10, name:Regal}], status :available-----
]]></system-out>
  </testcase>
  <testcase name="buildAndAddPetToAvailable" classname="AddPetAndFindStatus" time="1.734">
    <system-out><![CDATA[Request method:	POST
Request URI:	https://petstore3.swagger.io/api/v3/pet
]]></system-out>
  </testcase>
  <testcase name="findStatusInAvailable" classname="AddPetAndFindStatus" time="1.682">
    <system-out><![CDATA[Request method:	GET
Request URI:	https://petstore3.swagger.io/api/v3/pet/findByStatus?status=available
17:46:52.404 [main] INFO BaseClass - No. of Pets in the List : 64
17:46:52.404 [main] ERROR BaseClass - Caught Null pointer Exception as name is null for referred category
17:46:52.404 [main] INFO BaseClass - 
 Pet 2 Details :- 
----- pet_id : '30097', category_id : 10, category_name : Lions, pet_name : Simbha, pet_photoUrls :[https://www.shutterstock.com/image-photo/single-lion-looking-regal-standing-proudly-555551179], array of tags :[Tag:{id:10, name:Lion-Regal}], status :available-----
17:46:52.404 [main] INFO BaseClass - 
 Pet 4 Details :- 
----- pet_id : '63475', category_id : 10, category_name : Lions, pet_name : Simbha, pet_photoUrls :[https://www.shutterstock.com/image-photo/single-lion-looking-regal-standing-proudly-555551179], array of tags :[Tag:{id:10, name:Lion-Regal}], status :available-----
17:46:52.404 [main] ERROR BaseClass - Caught Null pointer Exception as name is null for referred category
17:46:52.404 [main] INFO BaseClass - 
 Pet 6 Details :- 
----- pet_id : '76988', category_id : 10, category_name : Lions, pet_name : Simbha, pet_photoUrls :[https://www.shutterstock.com/image-photo/single-lion-looking-regal-standing-proudly-555551179], array of tags :[Tag:{id:10, name:Regal}], status :available-----
17:46:52.404 [main] INFO BaseClass - 
 Pet 8 Details :- 
----- pet_id : '20517', category_id : 10, category_name : Lions, pet_name : Simbha, pet_photoUrls :[https://www.shutterstock.com/image-photo/single-lion-looking-regal-standing-proudly-555551179], array of tags :[Tag:{id:10, name:Regal}], status :available-----
17:46:52.404 [main] INFO BaseClass - 
 Pet 10 Details :- 
----- pet_id : '91072', category_id : 10, category_name : Lions, pet_name : Simbha, pet_photoUrls :[https://www.shutterstock.com/image-photo/single-lion-looking-regal-standing-proudly-555551179], array of tags :[Tag:{id:10, name:Regal}], status :available-----
17:46:52.404 [main] INFO BaseClass - 
 Pet 12 Details :- 
----- pet_id : '56240', category_id : 10, category_name : Lions, pet_name : Simbha, pet_photoUrls :[https://www.shutterstock.com/image-photo/single-lion-looking-regal-standing-proudly-555551179], array of tags :[Tag:{id:10, name:Regal}], status :available-----
17:46:52.404 [main] INFO BaseClass - 
 Pet 14 Details :- 
----- pet_id : '27338', category_id : 10, category_name : Lions, pet_name : Simbha, pet_photoUrls :[https://www.shutterstock.com/image-photo/single-lion-looking-regal-standing-proudly-555551179], array of tags :[Tag:{id:10, name:Regal}], status :available-----
17:46:52.404 [main] INFO BaseClass - 
 Pet 16 Details :- 
----- pet_id : '75229', category_id : 10, category_name : Lions, pet_name : Simbha, pet_photoUrls :[https://www.shutterstock.com/image-photo/single-lion-looking-regal-standing-proudly-555551179], array of tags :[Tag:{id:10, name:Regal}], status :available-----
17:46:52.404 [main] INFO BaseClass - 
 Pet 18 Details :- 
----- pet_id : '14165', category_id : 10, category_name : Lions, pet_name : Simbha, pet_photoUrls :[https://www.shutterstock.com/image-photo/single-lion-looking-regal-standing-proudly-555551179], array of tags :[Tag:{id:10, name:Regal}], status :available-----
17:46:52.405 [main] INFO BaseClass - 
 Pet 20 Details :- 
----- pet_id : '20754', category_id : 10, category_name : Lions, pet_name : Simbha, pet_photoUrls :[https://www.shutterstock.com/image-photo/single-lion-looking-regal-standing-proudly-555551179], array of tags :[Tag:{id:10, name:Regal}], status :available-----
17:46:52.405 [main] INFO BaseClass - 
 Pet 22 Details :- 
----- pet_id : '19808', category_id : 10, category_name : Lions, pet_name : Simbha, pet_photoUrls :[https://www.shutterstock.com/image-photo/single-lion-looking-regal-standing-proudly-555551179], array of tags :[Tag:{id:10, name:Regal}], status :available-----
]]></system-out>
  </testcase>
  <testcase name="buildAndAddPetToPending" classname="AddPetAndFindStatus" time="1.812">
    <system-out><![CDATA[Request method:	POST
Request URI:	https://petstore3.swagger.io/api/v3/pet
]]></system-out>
  </testcase>
  <testcase name="findStatusInPending" classname="AddPetAndFindStatus" time="1.759">
    <system-out><![CDATA[Request method:	GET
Request URI:	https://petstore3.swagger.io/api/v3/pet/findByStatus?status=pending
17:46:55.979 [main] INFO BaseClass - No. of Pets in the List : 11
17:46:55.979 [main] INFO BaseClass - 
 Pet 2 Details :- 
----- pet_id : '3770', category_id : 12, category_name : Lions, pet_name : Mufhaza, pet_photoUrls :[https://www.shutterstock.com/image-photo/single-lion-looking-regal-standing-proudly-555551179], array of tags :[Tag:{id:12, name:Majesty}], status :pending-----
17:46:55.979 [main] INFO BaseClass - 
 Pet 4 Details :- 
----- pet_id : '80102', category_id : 12, category_name : Lions, pet_name : Mufhaza, pet_photoUrls :[https://www.shutterstock.com/image-photo/single-lion-looking-regal-standing-proudly-555551179], array of tags :[Tag:{id:12, name:Majesty}], status :pending-----
17:46:55.979 [main] INFO BaseClass - 
 Pet 6 Details :- 
----- pet_id : '41152', category_id : 12, category_name : Lions, pet_name : Mufhaza, pet_photoUrls :[https://www.shutterstock.com/image-photo/single-lion-looking-regal-standing-proudly-555551179], array of tags :[Tag:{id:12, name:Majesty}], status :pending-----
17:46:55.979 [main] INFO BaseClass - 
 Pet 8 Details :- 
----- pet_id : '25313', category_id : 12, category_name : Lions, pet_name : Mufhaza, pet_photoUrls :[https://www.shutterstock.com/image-photo/single-lion-looking-regal-standing-proudly-555551179], array of tags :[Tag:{id:12, name:Majesty}], status :pending-----
17:46:55.979 [main] INFO BaseClass - 
 Pet 10 Details :- 
----- pet_id : '95195', category_id : 12, category_name : Lions, pet_name : Mufhaza, pet_photoUrls :[https://www.shutterstock.com/image-photo/single-lion-looking-regal-standing-proudly-555551179], array of tags :[Tag:{id:12, name:Majesty}], status :pending-----
17:46:55.979 [main] INFO BaseClass - 
 Pet 12 Details :- 
----- pet_id : '94312', category_id : 12, category_name : Lions, pet_name : Mufhaza, pet_photoUrls :[https://www.shutterstock.com/image-photo/single-lion-looking-regal-standing-proudly-555551179], array of tags :[Tag:{id:12, name:Majesty}], status :pending-----
17:46:55.979 [main] INFO BaseClass - 
 Pet 14 Details :- 
----- pet_id : '612', category_id : 12, category_name : Lions, pet_name : Mufhaza, pet_photoUrls :[https://www.shutterstock.com/image-photo/single-lion-looking-regal-standing-proudly-555551179], array of tags :[Tag:{id:12, name:Majesty}], status :pending-----
]]></system-out>
  </testcase>
  <testcase name="buildAndAddPetToSold" classname="AddPetAndFindStatus" time="1.811">
    <system-out><![CDATA[Request method:	POST
Request URI:	https://petstore3.swagger.io/api/v3/pet
]]></system-out>
  </testcase>
  <testcase name="findStatusAndDeleteCategory" classname="AddPetAndFindStatus" time="10.325">
    <system-out><![CDATA[Request method:	GET
Request URI:	https://petstore3.swagger.io/api/v3/pet/findByStatus?status=sold
17:46:59.594 [main] ERROR BaseClass - Caught Null pointer Exception as name is null for referred category
17:46:59.595 [main] ERROR BaseClass - Caught Null pointer Exception as name is null for referred category
17:46:59.595 [main] ERROR BaseClass - Caught Null pointer Exception as name is null for referred category
17:46:59.595 [main] INFO AddPetAndFindStatus - Deleting Nala with Id 18968...
Request method:	DELETE
Request URI:	https://petstore3.swagger.io/api/v3/pet/18968
Request method:	GET
Request URI:	https://petstore3.swagger.io/api/v3/pet/18968
17:47:03.031 [main] INFO AddPetAndFindStatus - Deleting Nala with Id 2242...
Request method:	DELETE
Request URI:	https://petstore3.swagger.io/api/v3/pet/2242
Request method:	GET
Request URI:	https://petstore3.swagger.io/api/v3/pet/2242
Request method:	GET
Request URI:	https://petstore3.swagger.io/api/v3/pet/findByStatus?status=sold
17:47:08.115 [main] INFO BaseClass - No. of Pets in the List : 9
17:47:08.115 [main] ERROR BaseClass - Caught Null pointer Exception as name is null for referred category
17:47:08.115 [main] ERROR BaseClass - Caught Null pointer Exception as name is null for referred category
17:47:08.115 [main] ERROR BaseClass - Caught Null pointer Exception as name is null for referred category
17:47:08.115 [main] INFO BaseClass - 
 Pet 2 Details :- 
----- pet_id : '18968', category_id : 15, category_name : Lions, pet_name : Nala, pet_photoUrls :[https://www.shutterstock.com/image-photo/single-lion-looking-regal-standing-proudly-555551179], array of tags :[Tag:{id:15, name:Lioness}], status :sold-----
]]></system-out>
  </testcase>
  <testcase name="findStatusInSold" classname="AddPetAndFindStatus" time="1.549">
    <system-out><![CDATA[Request method:	GET
Request URI:	https://petstore3.swagger.io/api/v3/pet/findByStatus?status=sold
17:47:09.665 [main] INFO BaseClass - No. of Pets in the List : 9
17:47:09.665 [main] ERROR BaseClass - Caught Null pointer Exception as name is null for referred category
17:47:09.666 [main] ERROR BaseClass - Caught Null pointer Exception as name is null for referred category
17:47:09.666 [main] ERROR BaseClass - Caught Null pointer Exception as name is null for referred category
17:47:09.666 [main] INFO BaseClass - 
 Pet 2 Details :- 
----- pet_id : '18968', category_id : 15, category_name : Lions, pet_name : Nala, pet_photoUrls :[https://www.shutterstock.com/image-photo/single-lion-looking-regal-standing-proudly-555551179], array of tags :[Tag:{id:15, name:Lioness}], status :sold-----
]]></system-out>
  </testcase>
</testsuite>